<?xml version="1.0" encoding="UTF-8"?>
<!-- Generated by org.testng.reporters.JUnitReportReporter -->
<testsuite hostname="Vishnu" failures="0" tests="1" name="testCases.TC_002_LoginTest" time="9.402" errors="0" timestamp="2023-11-10T14:31:23 IST" skipped="0">
  <testcase classname="testCases.TC_002_LoginTest" name="testlogin" time="9.402"/>
  <system-out/>
</testsuite> <!-- testCases.TC_002_LoginTest -->
