<?xml version="1.0" encoding="UTF-8"?>
<!-- Generated by org.testng.reporters.JUnitReportReporter -->
<testsuite hostname="Vishnu" failures="0" tests="1" name="testCases.Tc_001_AccountRegistration" time="10.730" errors="0" timestamp="2023-11-10T14:22:24 IST" skipped="0">
  <testcase classname="testCases.Tc_001_AccountRegistration" name="test_account_registration" time="10.730"/>
  <system-out/>
</testsuite> <!-- testCases.Tc_001_AccountRegistration -->
